Base path: 'C:/Program Files/Unity/Hub/Editor/2019.3.3f1/Editor/Data', plugins path 'C:/Program Files/Unity/Hub/Editor/2019.3.3f1/Editor/Data/PlaybackEngines'
Cmd: initializeCompiler
Cmd: compileComputeKernel
  error: 1 plat 4 at Generic.compute(379): signed/unsigned mismatch, unsigned assumed
  error: 1 plat 4 at Generic.compute(392): signed/unsigned mismatch, unsigned assumed
  error: 1 plat 4 at Generic.compute(408): signed/unsigned mismatch, unsigned assumed
  api=4 insize=15451 outsize=1028 ok=1
Cmd: compileComputeKernel
  error: 1 plat 4 at Generic.compute(379): signed/unsigned mismatch, unsigned assumed
  error: 1 plat 4 at Generic.compute(392): signed/unsigned mismatch, unsigned assumed
  error: 1 plat 4 at Generic.compute(408): signed/unsigned mismatch, unsigned assumed
  api=4 insize=15451 outsize=1488 ok=1
Cmd: compileComputeKernel
  error: 1 plat 4 at Generic.compute(379): signed/unsigned mismatch, unsigned assumed
  error: 1 plat 4 at Generic.compute(392): signed/unsigned mismatch, unsigned assumed
  error: 1 plat 4 at Generic.compute(408): signed/unsigned mismatch, unsigned assumed
  api=4 insize=15451 outsize=1563 ok=1
Cmd: compileComputeKernel
  api=4 insize=9919 outsize=1831 ok=1
Cmd: compileComputeKernel
  api=4 insize=9919 outsize=1863 ok=1
Cmd: compileComputeKernel
  api=4 insize=9919 outsize=1865 ok=1
Cmd: compileComputeKernel
  api=4 insize=9919 outsize=2010 ok=1
Cmd: compileComputeKernel
  error: 1 plat 4 at BarracudaReferenceImpl.compute(12): 'kernal' : unknown pragma ignored
  error: 1 plat 4 at BarracudaReferenceImpl.compute(1255): array reference cannot be used as an l-value; not natively addressable, forcing loop to unroll
  error: 1 plat 4 at BarracudaReferenceImpl.compute(1261): 'ix': loop control variable conflicts with a previous declaration in the outer scope; most recent declaration will be used
  error: 1 plat 4 at BarracudaReferenceImpl.compute(1265): array reference cannot be used as an l-value; not natively addressable, forcing loop to unroll
  api=4 insize=44328 outsize=8511 ok=1
Cmd: compileComputeKernel
  api=4 insize=64076 outsize=2569 ok=1
Cmd: compileComputeKernel
  api=4 insize=64076 outsize=4621 ok=1
Cmd: compileComputeKernel
  api=4 insize=64076 outsize=5347 ok=1
Cmd: compileComputeKernel
  api=4 insize=28299 outsize=672 ok=1
Cmd: compileComputeKernel
  api=4 insize=28299 outsize=706 ok=1
Cmd: compileComputeKernel
  api=4 insize=28299 outsize=1059 ok=1
Cmd: compileComputeKernel
  api=4 insize=28299 outsize=1000 ok=1
Cmd: compileComputeKernel
  api=4 insize=28299 outsize=850 ok=1
Cmd: compileComputeKernel
  api=4 insize=28299 outsize=839 ok=1
Cmd: compileComputeKernel
  api=4 insize=28299 outsize=791 ok=1
Cmd: compileComputeKernel
  api=4 insize=28299 outsize=849 ok=1
Cmd: compileComputeKernel
  api=4 insize=28299 outsize=806 ok=1
Cmd: compileComputeKernel
  api=4 insize=28299 outsize=1306 ok=1
Cmd: compileComputeKernel
  api=4 insize=28299 outsize=1808 ok=1
Cmd: compileComputeKernel
  api=4 insize=28299 outsize=1469 ok=1
Cmd: compileComputeKernel
  api=4 insize=28299 outsize=1354 ok=1
Cmd: compileComputeKernel
  api=4 insize=28299 outsize=1305 ok=1
Cmd: compileComputeKernel
  api=4 insize=28299 outsize=1344 ok=1
Cmd: compileComputeKernel
  api=4 insize=28299 outsize=1296 ok=1
Cmd: compileComputeKernel
  api=4 insize=28299 outsize=1206 ok=1
Cmd: compileComputeKernel
  api=4 insize=28299 outsize=1616 ok=1
Cmd: compileComputeKernel
  api=4 insize=28299 outsize=1309 ok=1
Cmd: compileComputeKernel
  api=4 insize=23440 outsize=2627 ok=1
Cmd: compileComputeKernel
  api=4 insize=23440 outsize=9502 ok=1
Cmd: compileComputeKernel
  api=4 insize=23440 outsize=2852 ok=1
Cmd: compileComputeKernel
  api=4 insize=23440 outsize=3501 ok=1
Cmd: compileComputeKernel
  api=4 insize=4053 outsize=1766 ok=1
Cmd: compileSnippet
  api=4 type=1 insize=11846 outsize=5706 kw=SHADOWS_SPLIT_SPHERES pd=UNITY_ENABLE_REFLECTION_BUFFERS UNITY_USE_DITHER_MASK_FOR_ALPHABLENDED_SHADOWS UNITY_PBS_USE_BRDF1 UNITY_SPECCUBE_BOX_PROJECTION UNITY_SPECCUBE_BLENDING UNITY_ENABLE_DETAIL_NORMALMAP SHADER_API_DESKTOP UNITY_COLORSPACE_GAMMA UNITY_LIGHT_PROBE_PROXY_VOLUME UNITY_LIGHTMAP_FULL_HDR ok=1
